2017-10-19 09:36:39  [ org.apache.ibatis.logging.LogFactory:main:0 ] - [ DEBUG ]  Logging initialized using 'class org.apache.ibatis.logging.log4j.Log4jImpl' adapter.
2017-10-19 09:36:40  [ org.apache.ibatis.datasource.pooled.PooledDataSource:main:378 ] - [ DEBUG ]  PooledDataSource forcefully closed/removed all connections.
2017-10-19 09:36:40  [ org.apache.ibatis.datasource.pooled.PooledDataSource:main:378 ] - [ DEBUG ]  PooledDataSource forcefully closed/removed all connections.
2017-10-19 09:36:40  [ org.apache.ibatis.datasource.pooled.PooledDataSource:main:378 ] - [ DEBUG ]  PooledDataSource forcefully closed/removed all connections.
2017-10-19 09:36:40  [ org.apache.ibatis.datasource.pooled.PooledDataSource:main:378 ] - [ DEBUG ]  PooledDataSource forcefully closed/removed all connections.
2017-10-19 09:36:40  [ org.apache.ibatis.transaction.jdbc.JdbcTransaction:main:506 ] - [ DEBUG ]  Opening JDBC Connection
2017-10-19 09:37:02  [ org.apache.ibatis.logging.LogFactory:main:0 ] - [ DEBUG ]  Logging initialized using 'class org.apache.ibatis.logging.log4j.Log4jImpl' adapter.
2017-10-19 09:37:02  [ org.apache.ibatis.datasource.pooled.PooledDataSource:main:133 ] - [ DEBUG ]  PooledDataSource forcefully closed/removed all connections.
2017-10-19 09:37:02  [ org.apache.ibatis.datasource.pooled.PooledDataSource:main:134 ] - [ DEBUG ]  PooledDataSource forcefully closed/removed all connections.
2017-10-19 09:37:02  [ org.apache.ibatis.datasource.pooled.PooledDataSource:main:135 ] - [ DEBUG ]  PooledDataSource forcefully closed/removed all connections.
2017-10-19 09:37:02  [ org.apache.ibatis.datasource.pooled.PooledDataSource:main:135 ] - [ DEBUG ]  PooledDataSource forcefully closed/removed all connections.
2017-10-19 09:37:02  [ org.apache.ibatis.transaction.jdbc.JdbcTransaction:main:225 ] - [ DEBUG ]  Opening JDBC Connection
2017-10-19 09:37:03  [ org.apache.ibatis.datasource.pooled.PooledDataSource:main:1491 ] - [ DEBUG ]  Created connection 18955154.
2017-10-19 09:37:03  [ org.apache.ibatis.transaction.jdbc.JdbcTransaction:main:1491 ] - [ DEBUG ]  Setting autocommit to false on JDBC Connection [com.mysql.jdbc.JDBC4Connection@1213b92]
2017-10-19 09:37:03  [ DeviceInfo.selectAll:main:1491 ] - [ DEBUG ]  ==>  Preparing: select * from device_info; 
2017-10-19 09:37:03  [ DeviceInfo.selectAll:main:1522 ] - [ DEBUG ]  ==> Parameters: 
2017-10-19 09:37:04  [ DeviceInfo.selectAll:main:1590 ] - [ DEBUG ]  <==      Total: 56
2017-10-19 09:37:04  [ org.apache.ibatis.transaction.jdbc.JdbcTransaction:main:1590 ] - [ DEBUG ]  Resetting autocommit to true on JDBC Connection [com.mysql.jdbc.JDBC4Connection@1213b92]
2017-10-19 09:37:04  [ org.apache.ibatis.transaction.jdbc.JdbcTransaction:main:1591 ] - [ DEBUG ]  Closing JDBC Connection [com.mysql.jdbc.JDBC4Connection@1213b92]
2017-10-19 09:37:04  [ org.apache.ibatis.datasource.pooled.PooledDataSource:main:1591 ] - [ DEBUG ]  Returned connection 18955154 to pool.
2017-10-19 09:37:04  [ org.apache.ibatis.transaction.jdbc.JdbcTransaction:main:1593 ] - [ DEBUG ]  Opening JDBC Connection
2017-10-19 09:37:04  [ org.apache.ibatis.datasource.pooled.PooledDataSource:main:1593 ] - [ DEBUG ]  Checked out connection 18955154 from pool.
2017-10-19 09:37:04  [ org.apache.ibatis.transaction.jdbc.JdbcTransaction:main:1594 ] - [ DEBUG ]  Setting autocommit to false on JDBC Connection [com.mysql.jdbc.JDBC4Connection@1213b92]
2017-10-19 09:37:04  [ DeviceInfo.addOne:main:1594 ] - [ DEBUG ]  ==>  Preparing: insert into device_info(device_id, status, hum, tem) values(?, ?, ?, ?) 
2017-10-19 09:37:04  [ DeviceInfo.addOne:main:1595 ] - [ DEBUG ]  ==> Parameters: 43543543(Integer), 00000000(String), 10.1(Float), 20.2(Float)
2017-10-19 09:37:04  [ DeviceInfo.addOne:main:1607 ] - [ DEBUG ]  <==    Updates: 1
2017-10-19 09:37:04  [ org.apache.ibatis.transaction.jdbc.JdbcTransaction:main:1607 ] - [ DEBUG ]  Committing JDBC Connection [com.mysql.jdbc.JDBC4Connection@1213b92]
2017-10-19 09:37:04  [ org.apache.ibatis.transaction.jdbc.JdbcTransaction:main:1725 ] - [ DEBUG ]  Resetting autocommit to true on JDBC Connection [com.mysql.jdbc.JDBC4Connection@1213b92]
2017-10-19 09:37:04  [ org.apache.ibatis.transaction.jdbc.JdbcTransaction:main:1725 ] - [ DEBUG ]  Closing JDBC Connection [com.mysql.jdbc.JDBC4Connection@1213b92]
2017-10-19 09:37:04  [ org.apache.ibatis.datasource.pooled.PooledDataSource:main:1725 ] - [ DEBUG ]  Returned connection 18955154 to pool.
2017-10-19 09:40:55  [ org.apache.ibatis.logging.LogFactory:main:0 ] - [ DEBUG ]  Logging initialized using 'class org.apache.ibatis.logging.log4j.Log4jImpl' adapter.
2017-10-19 09:40:55  [ org.apache.ibatis.datasource.pooled.PooledDataSource:main:125 ] - [ DEBUG ]  PooledDataSource forcefully closed/removed all connections.
2017-10-19 09:40:55  [ org.apache.ibatis.datasource.pooled.PooledDataSource:main:141 ] - [ DEBUG ]  PooledDataSource forcefully closed/removed all connections.
2017-10-19 09:40:55  [ org.apache.ibatis.datasource.pooled.PooledDataSource:main:141 ] - [ DEBUG ]  PooledDataSource forcefully closed/removed all connections.
2017-10-19 09:40:55  [ org.apache.ibatis.datasource.pooled.PooledDataSource:main:141 ] - [ DEBUG ]  PooledDataSource forcefully closed/removed all connections.
2017-10-19 09:40:55  [ org.apache.ibatis.transaction.jdbc.JdbcTransaction:main:250 ] - [ DEBUG ]  Opening JDBC Connection
2017-10-19 09:40:56  [ org.apache.ibatis.datasource.pooled.PooledDataSource:main:531 ] - [ DEBUG ]  Created connection 18955154.
2017-10-19 09:40:56  [ org.apache.ibatis.transaction.jdbc.JdbcTransaction:main:531 ] - [ DEBUG ]  Setting autocommit to false on JDBC Connection [com.mysql.jdbc.JDBC4Connection@1213b92]
2017-10-19 09:40:56  [ DeviceInfo.selectAll:main:547 ] - [ DEBUG ]  ==>  Preparing: select * from device_info; 
2017-10-19 09:40:56  [ DeviceInfo.selectAll:main:599 ] - [ DEBUG ]  ==> Parameters: 
2017-10-19 09:40:56  [ DeviceInfo.selectAll:main:612 ] - [ DEBUG ]  <==      Total: 57
2017-10-19 09:40:56  [ org.apache.ibatis.transaction.jdbc.JdbcTransaction:main:612 ] - [ DEBUG ]  Resetting autocommit to true on JDBC Connection [com.mysql.jdbc.JDBC4Connection@1213b92]
2017-10-19 09:40:56  [ org.apache.ibatis.transaction.jdbc.JdbcTransaction:main:612 ] - [ DEBUG ]  Closing JDBC Connection [com.mysql.jdbc.JDBC4Connection@1213b92]
2017-10-19 09:40:56  [ org.apache.ibatis.datasource.pooled.PooledDataSource:main:612 ] - [ DEBUG ]  Returned connection 18955154 to pool.
2017-10-19 09:40:56  [ org.apache.ibatis.transaction.jdbc.JdbcTransaction:main:628 ] - [ DEBUG ]  Opening JDBC Connection
2017-10-19 09:40:56  [ org.apache.ibatis.datasource.pooled.PooledDataSource:main:628 ] - [ DEBUG ]  Checked out connection 18955154 from pool.
2017-10-19 09:40:56  [ org.apache.ibatis.transaction.jdbc.JdbcTransaction:main:628 ] - [ DEBUG ]  Setting autocommit to false on JDBC Connection [com.mysql.jdbc.JDBC4Connection@1213b92]
2017-10-19 09:40:56  [ DeviceInfo.addOne:main:628 ] - [ DEBUG ]  ==>  Preparing: insert into device_info(device_id, status, hum, tem) values(?, ?, ?, ?) 
2017-10-19 09:40:56  [ DeviceInfo.addOne:main:628 ] - [ DEBUG ]  ==> Parameters: 43543543(Integer), 00000000(String), 10.1(Float), 20.2(Float)
2017-10-19 09:40:56  [ DeviceInfo.addOne:main:644 ] - [ DEBUG ]  <==    Updates: 1
2017-10-19 09:40:56  [ org.apache.ibatis.transaction.jdbc.JdbcTransaction:main:644 ] - [ DEBUG ]  Committing JDBC Connection [com.mysql.jdbc.JDBC4Connection@1213b92]
2017-10-19 09:40:56  [ org.apache.ibatis.transaction.jdbc.JdbcTransaction:main:940 ] - [ DEBUG ]  Resetting autocommit to true on JDBC Connection [com.mysql.jdbc.JDBC4Connection@1213b92]
2017-10-19 09:40:56  [ org.apache.ibatis.transaction.jdbc.JdbcTransaction:main:940 ] - [ DEBUG ]  Closing JDBC Connection [com.mysql.jdbc.JDBC4Connection@1213b92]
2017-10-19 09:40:56  [ org.apache.ibatis.datasource.pooled.PooledDataSource:main:940 ] - [ DEBUG ]  Returned connection 18955154 to pool.
